mode: atomic
github.com/prologic/autodock/plugin/plugin.go:45.65,48.35 1 0
github.com/prologic/autodock/plugin/plugin.go:53.2,55.20 2 0
github.com/prologic/autodock/plugin/plugin.go:48.35,50.4 1 0
github.com/prologic/autodock/plugin/plugin.go:59.59,65.2 1 0
github.com/prologic/autodock/plugin/plugin.go:68.77,70.16 2 0
github.com/prologic/autodock/plugin/plugin.go:75.2,77.27 2 0
github.com/prologic/autodock/plugin/plugin.go:83.2,83.8 1 0
github.com/prologic/autodock/plugin/plugin.go:70.16,73.3 2 0
github.com/prologic/autodock/plugin/plugin.go:77.27,78.15 1 0
github.com/prologic/autodock/plugin/plugin.go:78.15,80.4 1 0
github.com/prologic/autodock/plugin/plugin.go:96.31,112.13 7 0
github.com/prologic/autodock/plugin/plugin.go:117.2,117.11 1 0
github.com/prologic/autodock/plugin/plugin.go:123.2,142.16 6 0
github.com/prologic/autodock/plugin/plugin.go:146.2,152.12 2 0
github.com/prologic/autodock/plugin/plugin.go:112.13,115.3 2 0
github.com/prologic/autodock/plugin/plugin.go:117.11,119.3 1 0
github.com/prologic/autodock/plugin/plugin.go:119.8,121.3 1 0
github.com/prologic/autodock/plugin/plugin.go:142.16,144.3 1 0
github.com/prologic/autodock/plugin/plugin.go:156.34,159.2 2 0
github.com/prologic/autodock/version/version.go:13.27,15.2 1 1
github.com/prologic/autodock/client/dockerclient.go:23.86,32.16 7 0
github.com/prologic/autodock/client/dockerclient.go:35.2,36.19 2 0
github.com/prologic/autodock/client/dockerclient.go:40.2,40.24 1 0
github.com/prologic/autodock/client/dockerclient.go:32.16,34.3 1 0
github.com/prologic/autodock/client/dockerclient.go:36.19,38.3 1 0
github.com/prologic/autodock/client/dockerclient.go:44.44,47.44 2 0
github.com/prologic/autodock/client/dockerclient.go:51.2,51.21 1 0
github.com/prologic/autodock/client/dockerclient.go:55.2,55.18 1 0
github.com/prologic/autodock/client/dockerclient.go:47.44,49.3 1 0
github.com/prologic/autodock/client/dockerclient.go:51.21,53.3 1 0
github.com/prologic/autodock/client/dockerclient.go:59.92,62.76 3 0
github.com/prologic/autodock/client/dockerclient.go:68.2,68.54 1 0
github.com/prologic/autodock/client/dockerclient.go:93.2,93.12 1 0
github.com/prologic/autodock/client/dockerclient.go:62.76,66.3 3 0
github.com/prologic/autodock/client/dockerclient.go:68.54,71.17 3 0
github.com/prologic/autodock/client/dockerclient.go:75.3,76.17 2 0
github.com/prologic/autodock/client/dockerclient.go:80.3,81.17 2 0
github.com/prologic/autodock/client/dockerclient.go:85.3,86.17 2 0
github.com/prologic/autodock/client/dockerclient.go:89.3,90.13 2 0
github.com/prologic/autodock/client/dockerclient.go:71.17,73.4 1 0
github.com/prologic/autodock/client/dockerclient.go:76.17,78.4 1 0
github.com/prologic/autodock/client/dockerclient.go:81.17,83.4 1 0
github.com/prologic/autodock/client/dockerclient.go:86.17,88.4 1 0
github.com/prologic/autodock/client/dockerclient.go:97.112,105.22 4 0
github.com/prologic/autodock/client/dockerclient.go:113.2,119.16 3 0
github.com/prologic/autodock/client/dockerclient.go:123.2,123.15 1 0
github.com/prologic/autodock/client/dockerclient.go:105.22,111.3 1 0
github.com/prologic/autodock/client/dockerclient.go:119.16,121.3 1 0
github.com/prologic/autodock/collector/collector.go:40.87,42.2 1 0
github.com/prologic/autodock/collector/collector.go:45.80,49.2 3 0
github.com/prologic/autodock/collector/collector.go:57.74,60.2 2 0
github.com/prologic/autodock/collector/collector.go:63.81,65.2 1 0
github.com/prologic/autodock/collector/collector.go:75.80,82.16 3 0
github.com/prologic/autodock/collector/collector.go:85.2,96.12 7 0
github.com/prologic/autodock/collector/collector.go:107.2,107.12 1 0
github.com/prologic/autodock/collector/collector.go:125.2,125.12 1 0
github.com/prologic/autodock/collector/collector.go:164.2,164.12 1 0
github.com/prologic/autodock/collector/collector.go:189.2,191.15 2 0
github.com/prologic/autodock/collector/collector.go:82.16,84.3 1 0
github.com/prologic/autodock/collector/collector.go:96.12,97.26 1 0
github.com/prologic/autodock/collector/collector.go:97.26,102.4 3 0
github.com/prologic/autodock/collector/collector.go:107.12,108.28 1 0
github.com/prologic/autodock/collector/collector.go:108.28,114.68 2 0
github.com/prologic/autodock/collector/collector.go:114.68,120.5 3 0
github.com/prologic/autodock/collector/collector.go:125.12,126.25 1 0
github.com/prologic/autodock/collector/collector.go:126.25,134.29 6 0
github.com/prologic/autodock/collector/collector.go:144.4,144.38 1 0
github.com/prologic/autodock/collector/collector.go:154.4,159.5 1 0
github.com/prologic/autodock/collector/collector.go:134.29,135.9 1 0
github.com/prologic/autodock/collector/collector.go:135.9,138.6 2 0
github.com/prologic/autodock/collector/collector.go:144.38,145.9 1 0
github.com/prologic/autodock/collector/collector.go:145.9,150.6 3 0
github.com/prologic/autodock/collector/collector.go:164.12,165.28 1 0
github.com/prologic/autodock/collector/collector.go:165.28,171.34 2 0
github.com/prologic/autodock/collector/collector.go:175.4,177.18 3 0
github.com/prologic/autodock/collector/collector.go:171.34,172.13 1 0
github.com/prologic/autodock/collector/collector.go:177.18,179.5 1 0
github.com/prologic/autodock/collector/collector.go:179.10,181.19 2 0
github.com/prologic/autodock/collector/collector.go:181.19,183.6 1 0
github.com/prologic/autodock/collector/collector.go:194.36,197.6 2 0
github.com/prologic/autodock/collector/collector.go:197.6,198.64 1 0
github.com/prologic/autodock/collector/collector.go:203.3,205.30 2 0
github.com/prologic/autodock/collector/collector.go:198.64,201.4 2 0
github.com/prologic/autodock/metrics/metrics.go:32.28,40.2 3 0
github.com/prologic/autodock/proxy/proxy.go:22.72,26.16 3 0
github.com/prologic/autodock/proxy/proxy.go:30.2,30.24 1 0
github.com/prologic/autodock/proxy/proxy.go:51.2,51.41 1 0
github.com/prologic/autodock/proxy/proxy.go:26.16,28.3 1 0
github.com/prologic/autodock/proxy/proxy.go:30.24,32.37 1 0
github.com/prologic/autodock/proxy/proxy.go:32.38,32.39 0 0
github.com/prologic/autodock/proxy/proxy.go:35.8,35.30 1 0
github.com/prologic/autodock/proxy/proxy.go:35.30,36.25 1 0
github.com/prologic/autodock/proxy/proxy.go:43.3,46.4 2 0
github.com/prologic/autodock/proxy/proxy.go:36.25,39.4 1 0
github.com/prologic/autodock/proxy/proxy.go:39.9,41.4 1 0
github.com/prologic/autodock/proxy/proxy.go:47.8,49.3 1 0
github.com/prologic/autodock/proxy/proxy.go:55.67,57.2 1 0
github.com/prologic/autodock/proxy/proxy.go:65.85,70.72 1 0
github.com/prologic/autodock/proxy/proxy.go:76.2,81.16 5 0
github.com/prologic/autodock/proxy/proxy.go:87.2,89.20 2 0
github.com/prologic/autodock/proxy/proxy.go:70.72,72.5 1 0
github.com/prologic/autodock/proxy/proxy.go:81.16,84.3 2 0
github.com/prologic/autodock/cmd/autodock/main.go:16.13,65.13 14 0
github.com/prologic/autodock/cmd/autodock/main.go:70.2,70.11 1 0
github.com/prologic/autodock/cmd/autodock/main.go:74.2,88.16 3 0
github.com/prologic/autodock/cmd/autodock/main.go:92.2,93.16 2 0
github.com/prologic/autodock/cmd/autodock/main.go:97.2,97.25 1 0
github.com/prologic/autodock/cmd/autodock/main.go:101.2,102.16 2 0
github.com/prologic/autodock/cmd/autodock/main.go:106.2,106.34 1 0
github.com/prologic/autodock/cmd/autodock/main.go:65.13,68.3 2 0
github.com/prologic/autodock/cmd/autodock/main.go:70.11,72.3 1 0
github.com/prologic/autodock/cmd/autodock/main.go:88.16,90.3 1 0
github.com/prologic/autodock/cmd/autodock/main.go:93.16,95.3 1 0
github.com/prologic/autodock/cmd/autodock/main.go:97.25,99.3 1 0
github.com/prologic/autodock/cmd/autodock/main.go:102.16,104.3 1 0
github.com/prologic/autodock/cmd/autodock/main.go:106.34,108.3 1 0
github.com/prologic/autodock/server/utils.go:8.40,10.2 1 0
github.com/prologic/autodock/server/utils.go:12.57,21.2 2 0
github.com/prologic/autodock/collector/swarm.go:17.54,19.16 2 0
github.com/prologic/autodock/collector/swarm.go:23.2,24.16 2 0
github.com/prologic/autodock/collector/swarm.go:28.2,29.16 2 0
github.com/prologic/autodock/collector/swarm.go:33.2,33.19 1 0
github.com/prologic/autodock/collector/swarm.go:19.16,21.3 1 0
github.com/prologic/autodock/collector/swarm.go:24.16,26.3 1 0
github.com/prologic/autodock/collector/swarm.go:29.16,31.3 1 0
github.com/prologic/autodock/collector/utils.go:10.43,12.2 1 0
github.com/prologic/autodock/collector/utils.go:14.69,22.2 1 0
github.com/prologic/autodock/collector/utils.go:26.65,36.33 10 0
github.com/prologic/autodock/collector/utils.go:91.2,91.19 1 0
github.com/prologic/autodock/collector/utils.go:36.33,37.18 1 0
github.com/prologic/autodock/collector/utils.go:40.3,44.42 3 0
github.com/prologic/autodock/collector/utils.go:48.3,48.41 1 0
github.com/prologic/autodock/collector/utils.go:54.3,54.16 1 0
github.com/prologic/autodock/collector/utils.go:69.3,69.19 1 0
github.com/prologic/autodock/collector/utils.go:37.18,38.12 1 0
github.com/prologic/autodock/collector/utils.go:44.42,45.12 1 0
github.com/prologic/autodock/collector/utils.go:48.41,51.4 2 0
github.com/prologic/autodock/collector/utils.go:55.26,56.21 1 0
github.com/prologic/autodock/collector/utils.go:57.29,58.23 1 0
github.com/prologic/autodock/collector/utils.go:59.31,60.25 1 0
github.com/prologic/autodock/collector/utils.go:61.22,64.23 3 0
github.com/prologic/autodock/collector/utils.go:65.11,66.12 1 0
github.com/prologic/autodock/collector/utils.go:69.19,88.4 9 0
github.com/prologic/autodock/server/server.go:26.53,35.12 3 0
github.com/prologic/autodock/server/server.go:41.2,41.15 1 0
github.com/prologic/autodock/server/server.go:35.12,36.17 1 0
github.com/prologic/autodock/server/server.go:36.17,38.4 1 0
github.com/prologic/autodock/server/server.go:45.42,46.27 1 0
github.com/prologic/autodock/server/server.go:52.2,54.12 2 0
github.com/prologic/autodock/server/server.go:46.27,48.3 1 0
github.com/prologic/autodock/server/server.go:48.8,50.3 1 0
github.com/prologic/autodock/server/server.go:58.43,61.2 2 0
github.com/prologic/autodock/server/server.go:64.38,66.16 2 0
github.com/prologic/autodock/server/server.go:70.2,72.12 2 0
github.com/prologic/autodock/server/server.go:66.16,68.3 1 0
github.com/prologic/autodock/server/server.go:76.30,80.2 2 0
github.com/prologic/autodock/metrics/metrics.go:32.28,40.2 3 0
github.com/prologic/autodock/proxy/proxy.go:22.72,26.16 3 0
github.com/prologic/autodock/proxy/proxy.go:30.2,30.24 1 0
github.com/prologic/autodock/proxy/proxy.go:51.2,51.41 1 0
github.com/prologic/autodock/proxy/proxy.go:26.16,28.3 1 0
github.com/prologic/autodock/proxy/proxy.go:30.24,32.37 1 0
github.com/prologic/autodock/proxy/proxy.go:32.38,32.39 0 0
github.com/prologic/autodock/proxy/proxy.go:35.8,35.30 1 0
github.com/prologic/autodock/proxy/proxy.go:35.30,36.25 1 0
github.com/prologic/autodock/proxy/proxy.go:43.3,46.4 2 0
github.com/prologic/autodock/proxy/proxy.go:36.25,39.4 1 0
github.com/prologic/autodock/proxy/proxy.go:39.9,41.4 1 0
github.com/prologic/autodock/proxy/proxy.go:47.8,49.3 1 0
github.com/prologic/autodock/proxy/proxy.go:55.67,57.2 1 0
github.com/prologic/autodock/proxy/proxy.go:65.85,70.72 1 0
github.com/prologic/autodock/proxy/proxy.go:76.2,81.16 5 0
github.com/prologic/autodock/proxy/proxy.go:87.2,89.20 2 0
github.com/prologic/autodock/proxy/proxy.go:70.72,72.5 1 0
github.com/prologic/autodock/proxy/proxy.go:81.16,84.3 2 0
github.com/prologic/autodock/cmd/autodock/main.go:16.13,65.13 14 0
github.com/prologic/autodock/cmd/autodock/main.go:70.2,70.11 1 0
github.com/prologic/autodock/cmd/autodock/main.go:74.2,88.16 3 0
github.com/prologic/autodock/cmd/autodock/main.go:92.2,93.16 2 0
github.com/prologic/autodock/cmd/autodock/main.go:97.2,97.25 1 0
github.com/prologic/autodock/cmd/autodock/main.go:101.2,102.16 2 0
github.com/prologic/autodock/cmd/autodock/main.go:106.2,106.34 1 0
github.com/prologic/autodock/cmd/autodock/main.go:65.13,68.3 2 0
github.com/prologic/autodock/cmd/autodock/main.go:70.11,72.3 1 0
github.com/prologic/autodock/cmd/autodock/main.go:88.16,90.3 1 0
github.com/prologic/autodock/cmd/autodock/main.go:93.16,95.3 1 0
github.com/prologic/autodock/cmd/autodock/main.go:97.25,99.3 1 0
github.com/prologic/autodock/cmd/autodock/main.go:102.16,104.3 1 0
github.com/prologic/autodock/cmd/autodock/main.go:106.34,108.3 1 0
github.com/prologic/autodock/plugin/plugin.go:45.65,48.35 1 0
github.com/prologic/autodock/plugin/plugin.go:53.2,55.20 2 0
github.com/prologic/autodock/plugin/plugin.go:48.35,50.4 1 0
github.com/prologic/autodock/plugin/plugin.go:59.59,65.2 1 0
github.com/prologic/autodock/plugin/plugin.go:68.77,70.16 2 0
github.com/prologic/autodock/plugin/plugin.go:75.2,77.27 2 0
github.com/prologic/autodock/plugin/plugin.go:83.2,83.8 1 0
github.com/prologic/autodock/plugin/plugin.go:70.16,73.3 2 0
github.com/prologic/autodock/plugin/plugin.go:77.27,78.15 1 0
github.com/prologic/autodock/plugin/plugin.go:78.15,80.4 1 0
github.com/prologic/autodock/plugin/plugin.go:96.31,112.13 7 0
github.com/prologic/autodock/plugin/plugin.go:117.2,117.11 1 0
github.com/prologic/autodock/plugin/plugin.go:123.2,142.16 6 0
github.com/prologic/autodock/plugin/plugin.go:146.2,152.12 2 0
github.com/prologic/autodock/plugin/plugin.go:112.13,115.3 2 0
github.com/prologic/autodock/plugin/plugin.go:117.11,119.3 1 0
github.com/prologic/autodock/plugin/plugin.go:119.8,121.3 1 0
github.com/prologic/autodock/plugin/plugin.go:142.16,144.3 1 0
github.com/prologic/autodock/plugin/plugin.go:156.34,159.2 2 0
github.com/prologic/autodock/collector/collector.go:40.87,42.2 1 0
github.com/prologic/autodock/collector/collector.go:45.80,49.2 3 0
github.com/prologic/autodock/collector/collector.go:57.74,60.2 2 0
github.com/prologic/autodock/collector/collector.go:63.81,65.2 1 0
github.com/prologic/autodock/collector/collector.go:75.80,82.16 3 0
github.com/prologic/autodock/collector/collector.go:85.2,96.12 7 0
github.com/prologic/autodock/collector/collector.go:107.2,107.12 1 0
github.com/prologic/autodock/collector/collector.go:125.2,125.12 1 0
github.com/prologic/autodock/collector/collector.go:164.2,164.12 1 0
github.com/prologic/autodock/collector/collector.go:189.2,191.15 2 0
github.com/prologic/autodock/collector/collector.go:82.16,84.3 1 0
github.com/prologic/autodock/collector/collector.go:96.12,97.26 1 0
github.com/prologic/autodock/collector/collector.go:97.26,102.4 3 0
github.com/prologic/autodock/collector/collector.go:107.12,108.28 1 0
github.com/prologic/autodock/collector/collector.go:108.28,114.68 2 0
github.com/prologic/autodock/collector/collector.go:114.68,120.5 3 0
github.com/prologic/autodock/collector/collector.go:125.12,126.25 1 0
github.com/prologic/autodock/collector/collector.go:126.25,134.29 6 0
github.com/prologic/autodock/collector/collector.go:144.4,144.38 1 0
github.com/prologic/autodock/collector/collector.go:154.4,159.5 1 0
github.com/prologic/autodock/collector/collector.go:134.29,135.9 1 0
github.com/prologic/autodock/collector/collector.go:135.9,138.6 2 0
github.com/prologic/autodock/collector/collector.go:144.38,145.9 1 0
github.com/prologic/autodock/collector/collector.go:145.9,150.6 3 0
github.com/prologic/autodock/collector/collector.go:164.12,165.28 1 0
github.com/prologic/autodock/collector/collector.go:165.28,171.34 2 0
github.com/prologic/autodock/collector/collector.go:175.4,177.18 3 0
github.com/prologic/autodock/collector/collector.go:171.34,172.13 1 0
github.com/prologic/autodock/collector/collector.go:177.18,179.5 1 0
github.com/prologic/autodock/collector/collector.go:179.10,181.19 2 0
github.com/prologic/autodock/collector/collector.go:181.19,183.6 1 0
github.com/prologic/autodock/collector/collector.go:194.36,197.6 2 0
github.com/prologic/autodock/collector/collector.go:197.6,198.64 1 0
github.com/prologic/autodock/collector/collector.go:203.3,205.30 2 0
github.com/prologic/autodock/collector/collector.go:198.64,201.4 2 0
github.com/prologic/autodock/client/dockerclient.go:23.86,32.16 7 0
github.com/prologic/autodock/client/dockerclient.go:35.2,36.19 2 0
github.com/prologic/autodock/client/dockerclient.go:40.2,40.24 1 0
github.com/prologic/autodock/client/dockerclient.go:32.16,34.3 1 0
github.com/prologic/autodock/client/dockerclient.go:36.19,38.3 1 0
github.com/prologic/autodock/client/dockerclient.go:44.44,47.44 2 0
github.com/prologic/autodock/client/dockerclient.go:51.2,51.21 1 0
github.com/prologic/autodock/client/dockerclient.go:55.2,55.18 1 0
github.com/prologic/autodock/client/dockerclient.go:47.44,49.3 1 0
github.com/prologic/autodock/client/dockerclient.go:51.21,53.3 1 0
github.com/prologic/autodock/client/dockerclient.go:59.92,62.76 3 0
github.com/prologic/autodock/client/dockerclient.go:68.2,68.54 1 0
github.com/prologic/autodock/client/dockerclient.go:93.2,93.12 1 0
github.com/prologic/autodock/client/dockerclient.go:62.76,66.3 3 0
github.com/prologic/autodock/client/dockerclient.go:68.54,71.17 3 0
github.com/prologic/autodock/client/dockerclient.go:75.3,76.17 2 0
github.com/prologic/autodock/client/dockerclient.go:80.3,81.17 2 0
github.com/prologic/autodock/client/dockerclient.go:85.3,86.17 2 0
github.com/prologic/autodock/client/dockerclient.go:89.3,90.13 2 0
github.com/prologic/autodock/client/dockerclient.go:71.17,73.4 1 0
github.com/prologic/autodock/client/dockerclient.go:76.17,78.4 1 0
github.com/prologic/autodock/client/dockerclient.go:81.17,83.4 1 0
github.com/prologic/autodock/client/dockerclient.go:86.17,88.4 1 0
github.com/prologic/autodock/client/dockerclient.go:97.112,105.22 4 0
github.com/prologic/autodock/client/dockerclient.go:113.2,119.16 3 0
github.com/prologic/autodock/client/dockerclient.go:123.2,123.15 1 0
github.com/prologic/autodock/client/dockerclient.go:105.22,111.3 1 0
github.com/prologic/autodock/client/dockerclient.go:119.16,121.3 1 0
github.com/prologic/autodock/server/server.go:26.53,35.12 3 0
github.com/prologic/autodock/server/server.go:41.2,41.15 1 0
github.com/prologic/autodock/server/server.go:35.12,36.17 1 0
github.com/prologic/autodock/server/server.go:36.17,38.4 1 0
github.com/prologic/autodock/server/server.go:45.42,46.27 1 0
github.com/prologic/autodock/server/server.go:52.2,54.12 2 0
github.com/prologic/autodock/server/server.go:46.27,48.3 1 0
github.com/prologic/autodock/server/server.go:48.8,50.3 1 0
github.com/prologic/autodock/server/server.go:58.43,61.2 2 0
github.com/prologic/autodock/server/server.go:64.38,66.16 2 0
github.com/prologic/autodock/server/server.go:70.2,72.12 2 0
github.com/prologic/autodock/server/server.go:66.16,68.3 1 0
github.com/prologic/autodock/server/server.go:76.30,80.2 2 0
github.com/prologic/autodock/server/utils.go:8.40,10.2 1 0
github.com/prologic/autodock/server/utils.go:12.57,21.2 2 0
github.com/prologic/autodock/collector/swarm.go:17.54,19.16 2 0
github.com/prologic/autodock/collector/swarm.go:23.2,24.16 2 0
github.com/prologic/autodock/collector/swarm.go:28.2,29.16 2 0
github.com/prologic/autodock/collector/swarm.go:33.2,33.19 1 0
github.com/prologic/autodock/collector/swarm.go:19.16,21.3 1 0
github.com/prologic/autodock/collector/swarm.go:24.16,26.3 1 0
github.com/prologic/autodock/collector/swarm.go:29.16,31.3 1 0
github.com/prologic/autodock/collector/utils.go:10.43,12.2 1 0
github.com/prologic/autodock/collector/utils.go:14.69,22.2 1 0
github.com/prologic/autodock/collector/utils.go:26.65,36.33 10 1
github.com/prologic/autodock/collector/utils.go:91.2,91.19 1 1
github.com/prologic/autodock/collector/utils.go:36.33,37.18 1 13
github.com/prologic/autodock/collector/utils.go:40.3,44.42 3 13
github.com/prologic/autodock/collector/utils.go:48.3,48.41 1 10
github.com/prologic/autodock/collector/utils.go:54.3,54.16 1 10
github.com/prologic/autodock/collector/utils.go:69.3,69.19 1 8
github.com/prologic/autodock/collector/utils.go:37.18,38.12 1 0
github.com/prologic/autodock/collector/utils.go:44.42,45.12 1 3
github.com/prologic/autodock/collector/utils.go:48.41,51.4 2 2
github.com/prologic/autodock/collector/utils.go:55.26,56.21 1 2
github.com/prologic/autodock/collector/utils.go:57.29,58.23 1 2
github.com/prologic/autodock/collector/utils.go:59.31,60.25 1 2
github.com/prologic/autodock/collector/utils.go:61.22,64.23 3 2
github.com/prologic/autodock/collector/utils.go:65.11,66.12 1 2
github.com/prologic/autodock/collector/utils.go:69.19,88.4 9 2
github.com/prologic/autodock/version/version.go:13.27,15.2 1 0
